manifest-merger-debug-report.txt
-- Merging decision tree log ---
provider#androidx.core.content.FileProvider
INJECTED from src\main\AndroidManifest.xml:208:9-216:20
	android:grantUriPermissions
		ADDED from src\main\AndroidManifest.xml:212:13-47
	android:authorities
		INJECTED from src\main\AndroidManifest.xml
		ADDED from src\main\AndroidManifest.xml:210:13-60
	android:exported
		ADDED from src\main\AndroidManifest.xml:211:13-37
	android:name
		ADDED from src\main\AndroidManifest.xml:209:13-62
manifest
ADDED from src\main\AndroidManifest.xml:2:1-219:12
INJECTED from src\main\AndroidManifest.xml:2:1-219:12
INJECTED from src\main\AndroidManifest.xml:2:1-219:12
INJECTED from src\main\AndroidManifest.xml:2:1-219:12
MERGED from [androidx.multidex:multidex:2.0.0] AndroidManifest.xml:17:1-22:12
MERGED from [com.google.ads.mediation:mopub:5.13.1.0] AndroidManifest.xml:2:1-11:12
MERGED from [com.mopub:mopub-sdk:5.13.1] AndroidManifest.xml:2:1-13:12
MERGED from [com.mopub:mopub-sdk-native-video:5.13.1] AndroidManifest.xml:2:1-13:12
MERGED from [com.google.android.exoplayer:exoplayer:2.11.0] AndroidManifest.xml:17:1-24:12
MERGED from [com.google.android.exoplayer:exoplayer-ui:2.11.8] AndroidManifest.xml:17:1-24:12
MERGED from [com.google.android.exoplayer:extension-ima:2.11.8] AndroidManifest.xml:17:1-33:12
MERGED from [com.google.android.exoplayer:exoplayer-hls:2.11.8] AndroidManifest.xml:17:1-24:12
MERGED from [com.google.android.exoplayer:exoplayer-dash:2.11.0] AndroidManifest.xml:17:1-24:12
MERGED from [com.google.android.exoplayer:exoplayer-smoothstreaming:2.11.0] AndroidManifest.xml:17:1-24:12
MERGED from [com.google.android.exoplayer:exoplayer-core:2.11.8] AndroidManifest.xml:17:1-26:12
MERGED from [androidx.mediarouter:mediarouter:1.0.0-alpha5] AndroidManifest.xml:17:1-22:12
MERGED from [com.google.ads.mediation:inmobi:9.0.7.1] AndroidManifest.xml:2:1-11:12
MERGED from [com.cashfree.pg:android-sdk:1.7.11] AndroidManifest.xml:2:1-50:12
MERGED from [io.github.florent37:shapeofview:1.4.7] AndroidManifest.xml:2:1-11:12
MERGED from [com.facebook.android:facebook-android-sdk:5.15.3] AndroidManifest.xml:21:1-31:12
MERGED from [com.facebook.android:facebook-login:5.15.3] AndroidManifest.xml:21:1-31:12
MERGED from [com.facebook.android:facebook-share:5.15.3] AndroidManifest.xml:21:1-31:12
MERGED from [com.facebook.android:facebook-common:5.15.3] AndroidManifest.xml:21:1-52:12
MERGED from [com.google.android.material:material:1.2.1] AndroidManifest.xml:17:1-24:12
MERGED from [com.mopub:mopub-sdk-banner:5.13.1] AndroidManifest.xml:2:1-13:12
MERGED from [com.mopub:mopub-sdk-fullscreen:5.13.1] AndroidManifest.xml:2:1-22:12
MERGED from [com.mopub:mopub-sdk-native-static:5.13.1] AndroidManifest.xml:2:1-13:12
MERGED from [com.mopub:mopub-sdk-base:5.13.1] AndroidManifest.xml:2:1-30:12
MERGED from [androidx.media2:media2-widget:1.0.1] AndroidManifest.xml:17:1-24:12
MERGED from [androidx.appcompat:appcompat:1.2.0] AndroidManifest.xml:17:1-24:12
MERGED from [com.squareup.picasso:picasso:2.71828] AndroidManifest.xml:2:1-14:12
MERGED from [androidx.exifinterface:exifinterface:1.0.0] AndroidManifest.xml:17:1-22:12
MERGED from [com.google.ads.mediation:ironsource:7.0.0.0] AndroidManifest.xml:2:1-31:12
MERGED from [com.google.ads.mediation:unity:3.4.6.1] AndroidManifest.xml:2:1-11:12
MERGED from [com.google.ads.mediation:vungle:6.7.0.0] AndroidManifest.xml:2:1-11:12
MERGED from [com.google.ads.mediation:applovin:9.13.2.0] AndroidManifest.xml:2:1-11:12
MERGED from [com.google.ads.mediation:tapjoy:12.7.1.0] AndroidManifest.xml:2:1-30:12
MERGED from [com.google.ads.mediation:facebook:6.2.0.0] AndroidManifest.xml:2:1-11:12
MERGED from [com.google.ads.mediation:adcolony:4.3.0.0] AndroidManifest.xml:2:1-19:12
MERGED from [com.google.android.gms:play-services-ads:19.5.0] AndroidManifest.xml:17:1-25:12
MERGED from [androidx.browser:browser:1.0.0] AndroidManifest.xml:17:1-22:12
MERGED from [androidx.cardview:cardview:1.0.0] AndroidManifest.xml:17:1-22:12
MERGED from [com.google.firebase:firebase-firestore:21.5.0] AndroidManifest.xml:2:1-26:12
MERGED from [androidx.core:core-ktx:1.6.0] AndroidManifest.xml:2:1-9:12
MERGED from [androidx.legacy:legacy-support-v4:1.0.0] AndroidManifest.xml:17:1-22:12
MERGED from [androidx.legacy:legacy-support-core-ui:1.0.0] AndroidManifest.xml:17:1-22:12
MERGED from [com.facebook.android:facebook-places:5.15.3] AndroidManifest.xml:21:1-31:12
MERGED from [com.facebook.android:facebook-applinks:5.15.3] AndroidManifest.xml:21:1-31:12
MERGED from [com.facebook.android:facebook-messenger:5.15.3] AndroidManifest.xml:21:1-31:12
MERGED from [com.facebook.android:facebook-core:5.15.3] AndroidManifest.xml:21:1-53:12
MERGED from [com.google.firebase:firebase-core:17.4.4] AndroidManifest.xml:2:1-9:12
MERGED from [com.google.firebase:firebase-analytics:17.6.0] AndroidManifest.xml:2:1-9:12
MERGED from [com.google.android.gms:play-services-measurement:17.6.0] AndroidManifest.xml:17:1-46:12
MERGED from [com.google.firebase:firebase-messaging:20.2.3] AndroidManifest.xml:17:1-45:12
MERGED from [com.google.android.gms:play-services-analytics:17.0.0] AndroidManifest.xml:17:1-47:12
MERGED from [com.google.firebase:firebase-iid:20.2.3] AndroidManifest.xml:17:1-47:12
MERGED from [com.google.android.gms:play-services-tagmanager-v4-impl:17.0.0] AndroidManifest.xml:17:1-24:12
MERGED from [com.google.android.gms:play-services-analytics-impl:17.0.0] AndroidManifest.xml:17:1-31:12
MERGED from [com.google.android.gms:play-services-measurement-api:17.6.0] AndroidManifest.xml:17:1-36:12
MERGED from [com.google.android.gms:play-services-measurement-sdk:17.6.0] AndroidManifest.xml:17:1-25:12
MERGED from [com.google.android.gms:play-services-measurement-impl:17.6.0] AndroidManifest.xml:17:1-31:12
MERGED from [com.google.android.gms:play-services-stats:17.0.0] AndroidManifest.xml:2:1-9:12
MERGED from [com.vungle:publisher-sdk-android:6.7.0] AndroidManifest.xml:2:1-50:12
MERGED from [androidx.palette:palette:1.0.0] AndroidManifest.xml:17:1-22:12
MERGED from [androidx.legacy:legacy-support-core-utils:1.0.0] AndroidManifest.xml:17:1-22:12
MERGED from [androidx.swiperefreshlayout:swiperefreshlayout:1.0.0] AndroidManifest.xml:17:1-22:12
MERGED from [androidx.appcompat:appcompat-resources:1.2.0] AndroidManifest.xml:17:1-24:12
MERGED from [androidx.vectordrawable:vectordrawable-animated:1.1.0] AndroidManifest.xml:17:1-24:12
MERGED from [androidx.interpolator:interpolator:1.0.0] AndroidManifest.xml:17:1-22:12
MERGED from [com.google.firebase:firebase-auth:19.3.2] AndroidManifest.xml:17:1-42:12
MERGED from [androidx.localbroadcastmanager:localbroadcastmanager:1.0.0] AndroidManifest.xml:17:1-22:12
MERGED from [com.google.firebase:firebase-crashlytics:17.2.2] AndroidManifest.xml:2:1-22:12
MERGED from [com.google.mlkit:translate:16.1.2] AndroidManifest.xml:2:1-23:12
MERGED from [com.google.firebase:firebase-auth-interop:19.0.0] AndroidManifest.xml:2:1-10:12
MERGED from [com.google.firebase:firebase-datatransport:17.0.3] AndroidManifest.xml:15:1-34:12
MERGED from [com.google.firebase:firebase-installations:16.3.3] AndroidManifest.xml:2:1-23:12
MERGED from [com.google.firebase:firebase-common:19.3.1] AndroidManifest.xml:15:1-40:12
MERGED from [com.google.mlkit:common:17.1.0] AndroidManifest.xml:2:1-26:12
MERGED from [com.google.firebase:firebase-components:16.0.0] AndroidManifest.xml:15:1-23:12
MERGED from [com.google.android.gms:play-services-auth:18.1.0] AndroidManifest.xml:17:1-40:12
MERGED from [androidx.lifecycle:lifecycle-extensions:2.0.0] AndroidManifest.xml:17:1-25:12
MERGED from [com.google.android.gms:play-services-places:17.0.0] AndroidManifest.xml:17:1-24:12
MERGED from [com.google.android.gms:play-services-maps:17.0.0] AndroidManifest.xml:17:1-38:12
MERGED from [com.google.android.gms:play-services-location:17.0.0] AndroidManifest.xml:2:1-9:12
MERGED from [com.google.android.gms:play-services-auth-api-phone:17.5.1] AndroidManifest.xml:2:1-7:12
MERGED from [com.google.firebase:firebase-database-collection:17.0.1] AndroidManifest.xml:2:1-9:12
MERGED from [com.google.android.gms:play-services-auth-base:17.0.0] AndroidManifest.xml:2:1-7:12
MERGED from [com.google.android.gms:play-services-clearcut:17.0.0] AndroidManifest.xml:17:1-24:12
MERGED from [com.google.android.gms:play-services-phenotype:17.0.0] AndroidManifest.xml:17:1-24:12
MERGED from [com.google.firebase:firebase-iid-interop:17.0.0] AndroidManifest.xml:2:1-10:12
MERGED from [com.google.android.gms:play-services-base:17.5.0] AndroidManifest.xml:17:1-29:12
MERGED from [com.applovin:applovin-sdk:9.13.2] AndroidManifest.xml:2:1-53:12
MERGED from [com.google.android.gms:play-services-gass:19.5.0] AndroidManifest.xml:2:1-9:12
MERGED from [com.google.android.gms:play-services-ads-identifier:17.0.0] AndroidManifest.xml:17:1-24:12
MERGED from [com.google.firebase:firebase-measurement-connector:18.0.0] AndroidManifest.xml:17:1-25:12
MERGED from [com.google.android.gms:play-services-places-placereport:17.0.0] AndroidManifest.xml:17:1-24:12
MERGED from [com.tapjoy:tapjoy-android-sdk:12.7.1] AndroidManifest.xml:2:1-37:12
MERGED from [com.facebook.android:audience-network-sdk:6.2.0] AndroidManifest.xml:2:1-27:12
MERGED from [com.google.firebase:firebase-installations-interop:16.0.0] AndroidManifest.xml:15:1-23:12
MERGED from [com.google.android.gms:play-services-tasks:17.2.0] AndroidManifest.xml:2:1-9:12
MERGED from [com.google.android.gms:play-services-ads-lite:19.5.0] AndroidManifest.xml:17:1-47:12
MERGED from [com.google.android.gms:play-services-measurement-sdk-api:17.6.0] AndroidManifest.xml:17:1-27:12
MERGED from [com.google.android.gms:play-services-measurement-base:17.6.0] AndroidManifest.xml:2:1-9:12
MERGED from [com.google.android.gms:play-services-basement:17.5.0] AndroidManifest.xml:17:1-28:12
MERGED from [androidx.viewpager2:viewpager2:1.0.0] AndroidManifest.xml:17:1-24:12
MERGED from [androidx.fragment:fragment:1.1.0] AndroidManifest.xml:17:1-24:12
MERGED from [androidx.loader:loader:1.0.0] AndroidManifest.xml:17:1-22:12
MERGED from [com.google.android.datatransport:transport-backend-cct:2.3.2] AndroidManifest.xml:15:1-38:12
MERGED from [com.google.android.datatransport:transport-runtime:2.2.5] AndroidManifest.xml:15:1-41:12
MERGED from [com.google.android.datatransport:transport-api:2.2.1] AndroidManifest.xml:15:1-22:12
MERGED from [com.google.firebase:firebase-encoders-json:17.1.0] AndroidManifest.xml:15:1-23:12
MERGED from [androidx.recyclerview:recyclerview:1.1.0] AndroidManifest.xml:17:1-24:12
MERGED from [androidx.viewpager:viewpager:1.0.0] AndroidManifest.xml:17:1-22:12
MERGED from [androidx.drawerlayout:drawerlayout:1.0.0] AndroidManifest.xml:17:1-22:12
MERGED from [androidx.slidingpanelayout:slidingpanelayout:1.0.0] AndroidManifest.xml:17:1-22:12
MERGED from [androidx.coordinatorlayout:coordinatorlayout:1.1.0] AndroidManifest.xml:17:1-24:12
MERGED from [androidx.customview:customview:1.0.0] AndroidManifest.xml:17:1-22:12
MERGED from [androidx.asynclayoutinflater:asynclayoutinflater:1.0.0] AndroidManifest.xml:17:1-22:12
MERGED from [androidx.transition:transition:1.2.0] AndroidManifest.xml:17:1-24:12
MERGED from [androidx.vectordrawable:vectordrawable:1.1.0] AndroidManifest.xml:17:1-24:12
MERGED from [androidx.media2:media2:1.0.0-alpha02] AndroidManifest.xml:17:1-22:12
MERGED from [androidx.media2:media2-session:1.0.1] AndroidManifest.xml:17:1-24:12
MERGED from [androidx.media2:media2-player:1.0.1] AndroidManifest.xml:17:1-24:12
MERGED from [androidx.media2:media2-common:1.0.1] AndroidManifest.xml:17:1-24:12
MERGED from [androidx.media:media:1.1.0] AndroidManifest.xml:17:1-24:12
MERGED from [androidx.work:work-runtime:2.1.0] AndroidManifest.xml:17:1-125:12
MERGED from [androidx.activity:activity:1.0.0] AndroidManifest.xml:17:1-24:12
MERGED from [androidx.room:room-runtime:2.1.0] AndroidManifest.xml:17:1-30:12
MERGED from [androidx.core:core:1.6.0] AndroidManifest.xml:17:1-26:12
MERGED from [androidx.documentfile:documentfile:1.0.0] AndroidManifest.xml:17:1-22:12
MERGED from [androidx.print:print:1.0.0] AndroidManifest.xml:17:1-22:12
MERGED from [androidx.cursoradapter:cursoradapter:1.0.0] AndroidManifest.xml:17:1-22:12
MERGED from [androidx.versionedparcelable:versionedparcelable:1.1.1] AndroidManifest.xml:17:1-27:12
MERGED from [androidx.lifecycle:lifecycle-process:2.0.0] AndroidManifest.xml:17:1-30:12
MERGED from [androidx.lifecycle:lifecycle-service:2.0.0] AndroidManifest.xml:17:1-22:12
MERGED from [androidx.lifecycle:lifecycle-runtime:2.1.0] AndroidManifest.xml:17:1-22:12
MERGED from [androidx.lifecycle:lifecycle-viewmodel-ktx:2.0.0] AndroidManifest.xml:17:1-22:12
MERGED from [androidx.lifecycle:lifecycle-viewmodel:2.1.0] AndroidManifest.xml:17:1-22:12
MERGED from [androidx.savedstate:savedstate:1.0.0] AndroidManifest.xml:17:1-24:12
MERGED from [androidx.lifecycle:lifecycle-livedata:2.0.0] AndroidManifest.xml:17:1-22:12
MERGED from [androidx.lifecycle:lifecycle-livedata-core:2.0.0] AndroidManifest.xml:17:1-22:12
MERGED from [androidx.arch.core:core-runtime:2.0.1] AndroidManifest.xml:17:1-22:12
MERGED from [androidx.sqlite:sqlite-framework:2.0.1] AndroidManifest.xml:17:1-22:12
MERGED from [androidx.sqlite:sqlite:2.0.1] AndroidManifest.xml:17:1-22:12
MERGED from [androidx.constraintlayout:constraintlayout:1.1.3] AndroidManifest.xml:2:1-11:12
MERGED from [com.android.volley:volley:1.1.0] AndroidManifest.xml:2:1-11:12
MERGED from [com.google.android.play:core:1.10.0] AndroidManifest.xml:2:1-23:12
MERGED from [com.danikula:videocache:2.7.1] AndroidManifest.xml:2:1-14:12
MERGED from [com.github.lzyzsd:circleprogress:1.1.0] AndroidManifest.xml:2:1-11:12
MERGED from [de.hdodenhof:circleimageview:3.1.0] AndroidManifest.xml:2:1-11:12
MERGED from [com.razorpay:checkout:1.5.12] AndroidManifest.xml:2:1-32:12
MERGED from [com.paytm:pgplussdk:1.4.4] AndroidManifest.xml:2:1-35:12
MERGED from [com.intuit.sdp:sdp-android:1.0.6] AndroidManifest.xml:2:1-11:12
MERGED from [com.intuit.ssp:ssp-android:1.0.6] AndroidManifest.xml:2:1-11:12
MERGED from [com.google.firebase:protolite-well-known-types:17.1.0] AndroidManifest.xml:2:1-11:12
MERGED from [io.grpc:grpc-android:1.28.0] AndroidManifest.xml:2:1-13:12
MERGED from [com.google.android.gms:play-services-ads-base:19.5.0] AndroidManifest.xml:2:1-9:12
MERGED from [com.ironsource.sdk:mediationsdk:7.0.0] AndroidManifest.xml:2:1-34:12
MERGED from [com.inmobi.monetization:inmobi-ads:9.0.7] AndroidManifest.xml:2:1-25:12
MERGED from [com.unity3d.ads:unity-ads:3.4.6] AndroidManifest.xml:2:1-37:12
MERGED from [com.adcolony:sdk:4.3.0] AndroidManifest.xml:2:1-27:12
MERGED from [com.android.installreferrer:installreferrer:1.0] AndroidManifest.xml:2:1-13:12
MERGED from [androidx.annotation:annotation-experimental:1.1.0] AndroidManifest.xml:17:1-24:12
MERGED from [androidx.media2:media2-exoplayer:1.0.1] AndroidManifest.xml:17:1-24:12
INJECTED from src\main\AndroidManifest.xml:2:1-219:12
INJECTED from src\main\AndroidManifest.xml:2:1-219:12
INJECTED from src\main\AndroidManifest.xml:2:1-219:12
	package
		ADDED from src\main\AndroidManifest.xml:4:5-39
		INJECTED from src\main\AndroidManifest.xml
		INJECTED from src\main\AndroidManifest.xml
	android:versionName
		INJECTED from src\main\AndroidManifest.xml
		ADDED from src\main\AndroidManifest.xml:2:1-219:12
		INJECTED from src\main\AndroidManifest.xml
	xmlns:tools
		ADDED from src\main\AndroidManifest.xml:3:5-51
	android:versionCode
		INJECTED from src\main\AndroidManifest.xml
		ADDED from src\main\AndroidManifest.xml:2:1-219:12
		INJECTED from src\main\AndroidManifest.xml
	xmlns:android
		ADDED from src\main\AndroidManifest.xml:2:11-69
uses-permission#android.permission.WAKE_LOCK
ADDED from src\main\AndroidManifest.xml:6:5-68
MERGED from [com.google.android.gms:play-services-measurement:17.6.0] AndroidManifest.xml:25:5-68
MERGED from [com.google.android.gms:play-services-measurement:17.6.0] AndroidManifest.xml:25:5-68
MERGED from [com.google.android.gms:play-services-analytics:17.0.0] AndroidManifest.xml:27:5-68
MERGED from [com.google.android.gms:play-services-analytics:17.0.0] AndroidManifest.xml:27:5-68
MERGED from [com.google.firebase:firebase-iid:20.2.3] AndroidManifest.xml:24:5-68
MERGED from [com.google.firebase:firebase-iid:20.2.3] AndroidManifest.xml:24:5-68
MERGED from [com.google.android.gms:play-services-analytics-impl:17.0.0] AndroidManifest.xml:27:5-68
MERGED from [com.google.android.gms:play-services-analytics-impl:17.0.0] AndroidManifest.xml:27:5-68
MERGED from [com.google.android.gms:play-services-measurement-api:17.6.0] AndroidManifest.xml:24:5-68
MERGED from [com.google.android.gms:play-services-measurement-api:17.6.0] AndroidManifest.xml:24:5-68
MERGED from [com.google.android.gms:play-services-measurement-impl:17.6.0] AndroidManifest.xml:25:5-68
MERGED from [com.google.android.gms:play-services-measurement-impl:17.6.0] AndroidManifest.xml:25:5-68
MERGED from [com.google.android.gms:play-services-measurement-sdk-api:17.6.0] AndroidManifest.xml:25:5-68
MERGED from [com.google.android.gms:play-services-measurement-sdk-api:17.6.0] AndroidManifest.xml:25:5-68
MERGED from [androidx.work:work-runtime:2.1.0] AndroidManifest.xml:25:5-68
MERGED from [androidx.work:work-runtime:2.1.0] AndroidManifest.xml:25:5-68
	android:name
		ADDED from src\main\AndroidManifest.xml:6:22-65
uses-permission#com.google.android.gms.permission.ACTIVITY_RECOGNITION
ADDED from src\main\AndroidManifest.xml:7:5-94
	android:name
		ADDED from src\main\AndroidManifest.xml:7:22-91
uses-permission#android.permission.ACCESS_NETWORK_STATE
ADDED from src\main\AndroidManifest.xml:8:5-79
MERGED from [com.google.android.exoplayer:exoplayer-core:2.11.8] AndroidManifest.xml:24:5-79
MERGED from [com.google.android.exoplayer:exoplayer-core:2.11.8] AndroidManifest.xml:24:5-79
MERGED from [com.cashfree.pg:android-sdk:1.7.11] AndroidManifest.xml:13:5-79
MERGED from [com.cashfree.pg:android-sdk:1.7.11] AndroidManifest.xml:13:5-79
MERGED from [com.mopub:mopub-sdk-base:5.13.1] AndroidManifest.xml:13:5-79
MERGED from [com.mopub:mopub-sdk-base:5.13.1] AndroidManifest.xml:13:5-79
MERGED from [com.google.firebase:firebase-firestore:21.5.0] AndroidManifest.xml:13:5-79
MERGED from [com.google.firebase:firebase-firestore:21.5.0] AndroidManifest.xml:13:5-79
MERGED from [com.google.android.gms:play-services-measurement:17.6.0] AndroidManifest.xml:24:5-79
MERGED from [com.google.android.gms:play-services-measurement:17.6.0] AndroidManifest.xml:24:5-79
MERGED from [com.google.android.gms:play-services-analytics:17.0.0] AndroidManifest.xml:24:5-79
MERGED from [com.google.android.gms:play-services-analytics:17.0.0] AndroidManifest.xml:24:5-79
MERGED from [com.google.firebase:firebase-iid:20.2.3] AndroidManifest.xml:22:5-79
MERGED from [com.google.firebase:firebase-iid:20.2.3] AndroidManifest.xml:22:5-79
MERGED from [com.google.android.gms:play-services-analytics-impl:17.0.0] AndroidManifest.xml:24:5-79
MERGED from [com.google.android.gms:play-services-analytics-impl:17.0.0] AndroidManifest.xml:24:5-79
MERGED from [com.google.android.gms:play-services-measurement-api:17.6.0] AndroidManifest.xml:23:5-79
MERGED from [com.google.android.gms:play-services-measurement-api:17.6.0] AndroidManifest.xml:23:5-79
MERGED from [com.google.android.gms:play-services-measurement-impl:17.6.0] AndroidManifest.xml:24:5-79
MERGED from [com.google.android.gms:play-services-measurement-impl:17.6.0] AndroidManifest.xml:24:5-79
MERGED from [com.vungle:publisher-sdk-android:6.7.0] AndroidManifest.xml:13:5-79
MERGED from [com.vungle:publisher-sdk-android:6.7.0] AndroidManifest.xml:13:5-79
MERGED from [com.google.mlkit:translate:16.1.2] AndroidManifest.xml:7:5-79
MERGED from [com.google.mlkit:translate:16.1.2] AndroidManifest.xml:7:5-79
MERGED from [com.google.firebase:firebase-installations:16.3.3] AndroidManifest.xml:10:5-79
MERGED from [com.google.firebase:firebase-installations:16.3.3] AndroidManifest.xml:10:5-79
MERGED from [com.google.android.gms:play-services-maps:17.0.0] AndroidManifest.xml:23:5-79
MERGED from [com.google.android.gms:play-services-maps:17.0.0] AndroidManifest.xml:23:5-79
MERGED from [com.applovin:applovin-sdk:9.13.2] AndroidManifest.xml:12:5-79
MERGED from [com.applovin:applovin-sdk:9.13.2] AndroidManifest.xml:12:5-79
MERGED from [com.tapjoy:tapjoy-android-sdk:12.7.1] AndroidManifest.xml:13:5-79
MERGED from [com.tapjoy:tapjoy-android-sdk:12.7.1] AndroidManifest.xml:13:5-79
MERGED from [com.facebook.android:audience-network-sdk:6.2.0] AndroidManifest.xml:12:5-79
MERGED from [com.facebook.android:audience-network-sdk:6.2.0] AndroidManifest.xml:12:5-79
MERGED from [com.google.android.gms:play-services-ads-lite:19.5.0] AndroidManifest.xml:24:5-79
MERGED from [com.google.android.gms:play-services-ads-lite:19.5.0] AndroidManifest.xml:24:5-79
MERGED from [com.google.android.gms:play-services-measurement-sdk-api:17.6.0] AndroidManifest.xml:24:5-79
MERGED from [com.google.android.gms:play-services-measurement-sdk-api:17.6.0] AndroidManifest.xml:24:5-79
MERGED from [com.google.android.datatransport:transport-backend-cct:2.3.2] AndroidManifest.xml:25:5-79
MERGED from [com.google.android.datatransport:transport-backend-cct:2.3.2] AndroidManifest.xml:25:5-79
MERGED from [com.google.android.datatransport:transport-runtime:2.2.5] AndroidManifest.xml:22:5-79
MERGED from [com.google.android.datatransport:transport-runtime:2.2.5] AndroidManifest.xml:22:5-79
MERGED from [androidx.work:work-runtime:2.1.0] AndroidManifest.xml:26:5-79
MERGED from [androidx.work:work-runtime:2.1.0] AndroidManifest.xml:26:5-79
MERGED from [com.paytm:pgplussdk:1.4.4] AndroidManifest.xml:9:5-79
MERGED from [com.paytm:pgplussdk:1.4.4] AndroidManifest.xml:9:5-79
MERGED from [io.grpc:grpc-android:1.28.0] AndroidManifest.xml:11:5-79
MERGED from [io.grpc:grpc-android:1.28.0] AndroidManifest.xml:11:5-79
MERGED from [com.ironsource.sdk:mediationsdk:7.0.0] AndroidManifest.xml:12:5-79
MERGED from [com.ironsource.sdk:mediationsdk:7.0.0] AndroidManifest.xml:12:5-79
MERGED from [com.inmobi.monetization:inmobi-ads:9.0.7] AndroidManifest.xml:14:5-79
MERGED from [com.inmobi.monetization:inmobi-ads:9.0.7] AndroidManifest.xml:14:5-79
MERGED from [com.unity3d.ads:unity-ads:3.4.6] AndroidManifest.xml:11:5-79
MERGED from [com.unity3d.ads:unity-ads:3.4.6] AndroidManifest.xml:11:5-79
MERGED from [com.adcolony:sdk:4.3.0] AndroidManifest.xml:14:5-79
MERGED from [com.adcolony:sdk:4.3.0] AndroidManifest.xml:14:5-79
	android:name
		ADDED from src\main\AndroidManifest.xml:8:22-76
uses-permission#android.permission.MODIFY_AUDIO_SETTINGS
ADDED from src\main\AndroidManifest.xml:9:5-80
	android:name
		ADDED from src\main\AndroidManifest.xml:9:22-77
uses-permission#android.permission.RECORD_AUDIO
ADDED from src\main\AndroidManifest.xml:10:5-71
	android:name
		ADDED from src\main\AndroidManifest.xml:10:22-68
uses-permission#android.permission.INTERNET
ADDED from src\main\AndroidManifest.xml:11:5-67
MERGED from [com.cashfree.pg:android-sdk:1.7.11] AndroidManifest.xml:12:5-67
MERGED from [com.cashfree.pg:android-sdk:1.7.11] AndroidManifest.xml:12:5-67
MERGED from [com.mopub:mopub-sdk-base:5.13.1] AndroidManifest.xml:11:5-67
MERGED from [com.mopub:mopub-sdk-base:5.13.1] AndroidManifest.xml:11:5-67
MERGED from [com.google.firebase:firebase-firestore:21.5.0] AndroidManifest.xml:14:5-67
MERGED from [com.google.firebase:firebase-firestore:21.5.0] AndroidManifest.xml:14:5-67
MERGED from [com.google.android.gms:play-services-measurement:17.6.0] AndroidManifest.xml:23:5-67
MERGED from [com.google.android.gms:play-services-measurement:17.6.0] AndroidManifest.xml:23:5-67
MERGED from [com.google.android.gms:play-services-analytics:17.0.0] AndroidManifest.xml:23:5-67
MERGED from [com.google.android.gms:play-services-analytics:17.0.0] AndroidManifest.xml:23:5-67
MERGED from [com.google.firebase:firebase-iid:20.2.3] AndroidManifest.xml:23:5-67
MERGED from [com.google.firebase:firebase-iid:20.2.3] AndroidManifest.xml:23:5-67
MERGED from [com.google.android.gms:play-services-analytics-impl:17.0.0] AndroidManifest.xml:23:5-67
MERGED from [com.google.android.gms:play-services-analytics-impl:17.0.0] AndroidManifest.xml:23:5-67
MERGED from [com.google.android.gms:play-services-measurement-api:17.6.0] AndroidManifest.xml:22:5-67
MERGED from [com.google.android.gms:play-services-measurement-api:17.6.0] AndroidManifest.xml:22:5-67
MERGED from [com.google.android.gms:play-services-measurement-impl:17.6.0] AndroidManifest.xml:23:5-67
MERGED from [com.google.android.gms:play-services-measurement-impl:17.6.0] AndroidManifest.xml:23:5-67
MERGED from [com.google.firebase:firebase-crashlytics:17.2.2] AndroidManifest.xml:10:5-67
MERGED from [com.google.firebase:firebase-crashlytics:17.2.2] AndroidManifest.xml:10:5-67
MERGED from [com.google.mlkit:translate:16.1.2] AndroidManifest.xml:8:5-67
MERGED from [com.google.mlkit:translate:16.1.2] AndroidManifest.xml:8:5-67
MERGED from [com.google.firebase:firebase-installations:16.3.3] AndroidManifest.xml:11:5-67
MERGED from [com.google.firebase:firebase-installations:16.3.3] AndroidManifest.xml:11:5-67
MERGED from [com.google.android.gms:play-services-maps:17.0.0] AndroidManifest.xml:24:5-67
MERGED from [com.google.android.gms:play-services-maps:17.0.0] AndroidManifest.xml:24:5-67
MERGED from [com.applovin:applovin-sdk:9.13.2] AndroidManifest.xml:11:5-67
MERGED from [com.applovin:applovin-sdk:9.13.2] AndroidManifest.xml:11:5-67
MERGED from [com.tapjoy:tapjoy-android-sdk:12.7.1] AndroidManifest.xml:12:5-67
MERGED from [com.tapjoy:tapjoy-android-sdk:12.7.1] AndroidManifest.xml:12:5-67
MERGED from [com.facebook.android:audience-network-sdk:6.2.0] AndroidManifest.xml:11:5-67
MERGED from [com.facebook.android:audience-network-sdk:6.2.0] AndroidManifest.xml:11:5-67
MERGED from [com.google.android.gms:play-services-ads-lite:19.5.0] AndroidManifest.xml:23:5-67
MERGED from [com.google.android.gms:play-services-ads-lite:19.5.0] AndroidManifest.xml:23:5-67
MERGED from [com.google.android.gms:play-services-measurement-sdk-api:17.6.0] AndroidManifest.xml:23:5-67
MERGED from [com.google.android.gms:play-services-measurement-sdk-api:17.6.0] AndroidManifest.xml:23:5-67
MERGED from [com.google.android.datatransport:transport-backend-cct:2.3.2] AndroidManifest.xml:26:5-67
MERGED from [com.google.android.datatransport:transport-backend-cct:2.3.2] AndroidManifest.xml:26:5-67
MERGED from [com.razorpay:checkout:1.5.12] AndroidManifest.xml:9:5-67
MERGED from [com.razorpay:checkout:1.5.12] AndroidManifest.xml:9:5-67
MERGED from [com.ironsource.sdk:mediationsdk:7.0.0] AndroidManifest.xml:11:5-67
MERGED from [com.ironsource.sdk:mediationsdk:7.0.0] AndroidManifest.xml:11:5-67
MERGED from [com.inmobi.monetization:inmobi-ads:9.0.7] AndroidManifest.xml:13:5-67
MERGED from [com.inmobi.monetization:inmobi-ads:9.0.7] AndroidManifest.xml:13:5-67
MERGED from [com.unity3d.ads:unity-ads:3.4.6] AndroidManifest.xml:12:5-67
MERGED from [com.unity3d.ads:unity-ads:3.4.6] AndroidManifest.xml:12:5-67
MERGED from [com.adcolony:sdk:4.3.0] AndroidManifest.xml:13:5-67
MERGED from [com.adcolony:sdk:4.3.0] AndroidManifest.xml:13:5-67
	android:name
		ADDED from src\main\AndroidManifest.xml:11:22-64
uses-permission#android.permission.CAMERA
ADDED from src\main\AndroidManifest.xml:13:5-65
	android:name
		ADDED from src\main\AndroidManifest.xml:13:22-62
uses-feature#android.hardware.camera
ADDED from src\main\AndroidManifest.xml:15:5-60
	android:name
		ADDED from src\main\AndroidManifest.xml:15:19-57
uses-feature#android.hardware.camera.autofocus
ADDED from src\main\AndroidManifest.xml:16:5-70
	android:name
		ADDED from src\main\AndroidManifest.xml:16:19-67
uses-permission#android.permission.WRITE_EXTERNAL_STORAGE
ADDED from src\main\AndroidManifest.xml:18:5-81
MERGED from [com.vungle:publisher-sdk-android:6.7.0] AndroidManifest.xml:14:5-16:38
MERGED from [com.vungle:publisher-sdk-android:6.7.0] AndroidManifest.xml:14:5-16:38
MERGED from [com.paytm:pgplussdk:1.4.4] AndroidManifest.xml:10:5-81
MERGED from [com.paytm:pgplussdk:1.4.4] AndroidManifest.xml:10:5-81
	android:maxSdkVersion
		ADDED from [com.vungle:publisher-sdk-android:6.7.0] AndroidManifest.xml:16:9-35
	android:name
		ADDED from src\main\AndroidManifest.xml:18:22-78
application
ADDED from src\main\AndroidManifest.xml:20:5-217:19
MERGED from [com.mopub:mopub-sdk:5.13.1] AndroidManifest.xml:11:5-20
MERGED from [com.mopub:mopub-sdk:5.13.1] AndroidManifest.xml:11:5-20
MERGED from [com.mopub:mopub-sdk-native-video:5.13.1] AndroidManifest.xml:11:5-20
MERGED from [com.mopub:mopub-sdk-native-video:5.13.1] AndroidManifest.xml:11:5-20
MERGED from [com.google.android.exoplayer:extension-ima:2.11.8] AndroidManifest.xml:24:5-31:19
MERGED from [com.google.android.exoplayer:extension-ima:2.11.8] AndroidManifest.xml:24:5-31:19
MERGED from [com.cashfree.pg:android-sdk:1.7.11] AndroidManifest.xml:21:5-48:19
MERGED from [com.cashfree.pg:android-sdk:1.7.11] AndroidManifest.xml:21:5-48:19
MERGED from [com.facebook.android:facebook-android-sdk:5.15.3] AndroidManifest.xml:28:5-29:19
MERGED from [com.facebook.android:facebook-android-sdk:5.15.3] AndroidManifest.xml:28:5-29:19
MERGED from [com.facebook.android:facebook-login:5.15.3] AndroidManifest.xml:28:5-29:19
MERGED from [com.facebook.android:facebook-login:5.15.3] AndroidManifest.xml:28:5-29:19
MERGED from [com.facebook.android:facebook-share:5.15.3] AndroidManifest.xml:28:5-29:19
MERGED from [com.facebook.android:facebook-share:5.15.3] AndroidManifest.xml:28:5-29:19
MERGED from [com.facebook.android:facebook-common:5.15.3] AndroidManifest.xml:29:5-50:19
MERGED from [com.facebook.android:facebook-common:5.15.3] AndroidManifest.xml:29:5-50:19
MERGED from [com.google.android.material:material:1.2.1] AndroidManifest.xml:22:5-20
MERGED from [com.google.android.material:material:1.2.1] AndroidManifest.xml:22:5-20
MERGED from [com.mopub:mopub-sdk-banner:5.13.1] AndroidManifest.xml:11:5-20
MERGED from [com.mopub:mopub-sdk-banner:5.13.1] AndroidManifest.xml:11:5-20
MERGED from [com.mopub:mopub-sdk-fullscreen:5.13.1] AndroidManifest.xml:11:5-20:19